<?xml version="1.0" encoding="UTF-8"?>
<!-- Generated by org.testng.reporters.JUnitReportReporter -->
<testsuite skipped="0" hostname="USER-PC" name="TestKart.Test" tests="1" failures="0" timestamp="2020-07-06T17:32:57 IST" time="37.525" errors="0">
  <testcase name="m1" time="37.525" classname="TestKart.Test"/>
  <system-out/>
</testsuite> <!-- TestKart.Test -->
