<?xml version="1.0" encoding="UTF-8"?>
<!-- Generated by org.testng.reporters.JUnitReportReporter -->
<testsuite skipped="0" hostname="USER-PC" name="TestKart.Test.Test" tests="1" failures="0" timestamp="2020-07-06T17:24:09 IST" time="0.012" errors="0">
  <testcase name="m1" time="0.012" classname="TestKart.Test.Test"/>
  <system-out/>
</testsuite> <!-- TestKart.Test.Test -->
